生成启动时间为 2014/10/27 16:59:39。
     1>项目“D:\Workspace\GitHub\Algo\QUES\Two Sum\Two Sum\Two Sum.vcxproj”在节点 2 上(build 个目标)。
     1>InitializeBuildStatus:
         正在创建“Debug\Two Sum.unsuccessfulbuild”，因为已指定“AlwaysCreate”。
       ClCompile:
         C:\Program Files (x86)\Microsoft Visual Studio 10.0\VC\bin\CL.exe /c /ZI /nologo /W3 /WX- /Od /Oy- /D WIN32 /D _DEBUG /D _CONSOLE /D _UNICODE /D UNICODE /Gm /EHsc /RTC1 /MDd /GS /fp:precise /Zc:wchar_t /Zc:forScope /Fo"Debug\\" /Fd"Debug\vc100.pdb" /Gd /TP /analyze- /errorReport:prompt main.cpp
         main.cpp
     1>d:\workspace\github\algo\ques\two sum\two sum\solution.h(36): warning C4018: “<”: 有符号/无符号不匹配
     1>d:\workspace\github\algo\ques\two sum\two sum\solution.h(41): warning C4018: “<”: 有符号/无符号不匹配
       ManifestResourceCompile:
         所有输出均为最新。
       Link:
         C:\Program Files (x86)\Microsoft Visual Studio 10.0\VC\bin\link.exe /ERRORREPORT:PROMPT /OUT:"D:\Workspace\GitHub\Algo\QUES\Two Sum\Debug\Two Sum.exe" /INCREMENTAL /NOLOGO kernel32.lib user32.lib gdi32.lib winspool.lib comdlg32.lib advapi32.lib shell32.lib ole32.lib oleaut32.lib uuid.lib odbc32.lib odbccp32.lib /MANIFEST /ManifestFile:"Debug\Two Sum.exe.intermediate.manifest" /MANIFESTUAC:"level='asInvoker' uiAccess='false'" /DEBUG /PDB:"D:\Workspace\GitHub\Algo\QUES\Two Sum\Debug\Two Sum.pdb" /SUBSYSTEM:CONSOLE /TLBID:1 /DYNAMICBASE /NXCOMPAT /IMPLIB:"D:\Workspace\GitHub\Algo\QUES\Two Sum\Debug\Two Sum.lib" /MACHINE:X86 "Debug\Two Sum.exe.embed.manifest.res"
         Debug\main.obj
       Manifest:
         C:\Program Files (x86)\Microsoft SDKs\Windows\v7.0A\bin\mt.exe /nologo /verbose /out:"Debug\Two Sum.exe.embed.manifest" /manifest "Debug\Two Sum.exe.intermediate.manifest"
         所有输出均为最新。
       LinkEmbedManifest:
         所有输出均为最新。
         Two Sum.vcxproj -> D:\Workspace\GitHub\Algo\QUES\Two Sum\Debug\Two Sum.exe
       FinalizeBuildStatus:
         正在删除文件“Debug\Two Sum.unsuccessfulbuild”。
         正在对“Debug\Two Sum.lastbuildstate”执行 Touch 任务。
     1>已完成生成项目“D:\Workspace\GitHub\Algo\QUES\Two Sum\Two Sum\Two Sum.vcxproj”(build 个目标)的操作。

生成成功。

已用时间 00:00:01.50
