D:\WORKSPACE\GITHUB\ALGO\QUES\FIBONACCI\DEBUG\FIBONACCI.EXE
D:\WORKSPACE\GITHUB\ALGO\QUES\FIBONACCI\DEBUG\FIBONACCI.EXE.MANIFEST
D:\WORKSPACE\GITHUB\ALGO\QUES\FIBONACCI\DEBUG\FIBONACCI.ILK
D:\WORKSPACE\GITHUB\ALGO\QUES\FIBONACCI\DEBUG\FIBONACCI.PDB
D:\Workspace\GitHub\Algo\QUES\Fibonacci\Fibonacci\Debug\cl.command.1.tlog
D:\Workspace\GitHub\Algo\QUES\Fibonacci\Fibonacci\Debug\CL.read.1.tlog
D:\Workspace\GitHub\Algo\QUES\Fibonacci\Fibonacci\Debug\CL.write.1.tlog
D:\Workspace\GitHub\Algo\QUES\Fibonacci\Fibonacci\Debug\Fibonacci.exe.embed.manifest
D:\WORKSPACE\GITHUB\ALGO\QUES\FIBONACCI\FIBONACCI\DEBUG\FIBONACCI.EXE.EMBED.MANIFEST.RES
D:\WORKSPACE\GITHUB\ALGO\QUES\FIBONACCI\FIBONACCI\DEBUG\FIBONACCI.EXE.INTERMEDIATE.MANIFEST
D:\Workspace\GitHub\Algo\QUES\Fibonacci\Fibonacci\Debug\Fibonacci.vcxprojResolveAssemblyReference.cache
D:\Workspace\GitHub\Algo\QUES\Fibonacci\Fibonacci\Debug\Fibonacci.write.1.tlog
D:\Workspace\GitHub\Algo\QUES\Fibonacci\Fibonacci\Debug\Fibonacci_manifest.rc
D:\Workspace\GitHub\Algo\QUES\Fibonacci\Fibonacci\Debug\link.10156.read.1.tlog
D:\Workspace\GitHub\Algo\QUES\Fibonacci\Fibonacci\Debug\link.10156.write.1.tlog
D:\Workspace\GitHub\Algo\QUES\Fibonacci\Fibonacci\Debug\link.10236.read.1.tlog
D:\Workspace\GitHub\Algo\QUES\Fibonacci\Fibonacci\Debug\link.10236.write.1.tlog
D:\Workspace\GitHub\Algo\QUES\Fibonacci\Fibonacci\Debug\link.8456.read.1.tlog
D:\Workspace\GitHub\Algo\QUES\Fibonacci\Fibonacci\Debug\link.8456.write.1.tlog
D:\Workspace\GitHub\Algo\QUES\Fibonacci\Fibonacci\Debug\link.command.1.tlog
D:\Workspace\GitHub\Algo\QUES\Fibonacci\Fibonacci\Debug\link.read.1.tlog
D:\Workspace\GitHub\Algo\QUES\Fibonacci\Fibonacci\Debug\link.write.1.tlog
D:\WORKSPACE\GITHUB\ALGO\QUES\FIBONACCI\FIBONACCI\DEBUG\MAIN.OBJ
D:\Workspace\GitHub\Algo\QUES\Fibonacci\Fibonacci\Debug\mt.command.1.tlog
D:\Workspace\GitHub\Algo\QUES\Fibonacci\Fibonacci\Debug\mt.read.1.tlog
D:\Workspace\GitHub\Algo\QUES\Fibonacci\Fibonacci\Debug\mt.write.1.tlog
D:\Workspace\GitHub\Algo\QUES\Fibonacci\Fibonacci\Debug\rc.command.1.tlog
D:\Workspace\GitHub\Algo\QUES\Fibonacci\Fibonacci\Debug\rc.read.1.tlog
D:\Workspace\GitHub\Algo\QUES\Fibonacci\Fibonacci\Debug\rc.write.1.tlog
D:\Workspace\GitHub\Algo\QUES\Fibonacci\Fibonacci\Debug\vc100.idb
D:\WORKSPACE\GITHUB\ALGO\QUES\FIBONACCI\FIBONACCI\DEBUG\VC100.PDB
