生成启动时间为 2014/10/17 16:21:53。
     1>项目“D:\Workspace\GitHub\Algo\QUES\Sort List @ LeetCode\Sort List @ LeetCode\Sort List @ LeetCode.vcxproj”在节点 2 上(build 个目标)。
     1>InitializeBuildStatus:
         正在创建“Debug\Sort List @ LeetCode.unsuccessfulbuild”，因为已指定“AlwaysCreate”。
       ClCompile:
         C:\Program Files (x86)\Microsoft Visual Studio 10.0\VC\bin\CL.exe /c /ZI /nologo /W3 /WX- /Od /Oy- /D WIN32 /D _DEBUG /D _CONSOLE /D _UNICODE /D UNICODE /Gm /EHsc /RTC1 /MDd /GS /fp:precise /Zc:wchar_t /Zc:forScope /Fo"Debug\\" /Fd"Debug\vc100.pdb" /Gd /TP /analyze- /errorReport:prompt "..\..\Sort List @ LeetCode\Sort List @ LeetCode\main.cpp"
         main.cpp
     1>d:\workspace\github\algo\ques\sort list @ leetcode\sort list @ leetcode\main.cpp(12): warning C4172: 返回局部变量或临时变量的地址
       ManifestResourceCompile:
         所有输出均为最新。
       Link:
         C:\Program Files (x86)\Microsoft Visual Studio 10.0\VC\bin\link.exe /ERRORREPORT:PROMPT /OUT:"D:\Workspace\GitHub\Algo\QUES\Sort List @ LeetCode\Debug\Sort List @ LeetCode.exe" /INCREMENTAL /NOLOGO kernel32.lib user32.lib gdi32.lib winspool.lib comdlg32.lib advapi32.lib shell32.lib ole32.lib oleaut32.lib uuid.lib odbc32.lib odbccp32.lib /MANIFEST /ManifestFile:"Debug\Sort List @ LeetCode.exe.intermediate.manifest" /MANIFESTUAC:"level='asInvoker' uiAccess='false'" /DEBUG /PDB:"D:\Workspace\GitHub\Algo\QUES\Sort List @ LeetCode\Debug\Sort List @ LeetCode.pdb" /SUBSYSTEM:CONSOLE /TLBID:1 /DYNAMICBASE /NXCOMPAT /IMPLIB:"D:\Workspace\GitHub\Algo\QUES\Sort List @ LeetCode\Debug\Sort List @ LeetCode.lib" /MACHINE:X86 "Debug\Sort List @ LeetCode.exe.embed.manifest.res"
         Debug\main.obj
       Manifest:
         C:\Program Files (x86)\Microsoft SDKs\Windows\v7.0A\bin\mt.exe /nologo /verbose /out:"Debug\Sort List @ LeetCode.exe.embed.manifest" /manifest "Debug\Sort List @ LeetCode.exe.intermediate.manifest"
         所有输出均为最新。
       LinkEmbedManifest:
         所有输出均为最新。
         Sort List @ LeetCode.vcxproj -> D:\Workspace\GitHub\Algo\QUES\Sort List @ LeetCode\Debug\Sort List @ LeetCode.exe
       FinalizeBuildStatus:
         正在删除文件“Debug\Sort List @ LeetCode.unsuccessfulbuild”。
         正在对“Debug\Sort List @ LeetCode.lastbuildstate”执行 Touch 任务。
     1>已完成生成项目“D:\Workspace\GitHub\Algo\QUES\Sort List @ LeetCode\Sort List @ LeetCode\Sort List @ LeetCode.vcxproj”(build 个目标)的操作。

生成成功。

已用时间 00:00:01.48
